Compilation failed:
    source file: '/Users/danialjavady/Downloads/opencv-4.x/cmake/checks/cpu_popcnt.cpp'
    check option: ''
===== BUILD LOG =====
Change Dir: /Users/danialjavady/desktop/ksm/opentoonz/toonz/sources/CMakeFiles/CMakeTmp

Run Build Command(s):/usr/local/Cellar/cmake/3.26.3/bin/cmake -E env VERBOSE=1 /usr/bin/make -f Makefile cmTC_6c332/fast && /Library/Developer/CommandLineTools/usr/bin/make  -f CMakeFiles/cmTC_6c332.dir/build.make CMakeFiles/cmTC_6c332.dir/build
Building CXX object CMakeFiles/cmTC_6c332.dir/cpu_popcnt.cpp.o
/Library/Developer/CommandLineTools/usr/bin/c++   -O3 -DNDEBUG -std=c++11 -isysroot /Library/Developer/CommandLineTools/SDKs/MacOSX13.3.sdk -fPIE -MD -MT CMakeFiles/cmTC_6c332.dir/cpu_popcnt.cpp.o -MF CMakeFiles/cmTC_6c332.dir/cpu_popcnt.cpp.o.d -o CMakeFiles/cmTC_6c332.dir/cpu_popcnt.cpp.o -c /Users/danialjavady/Downloads/opencv-4.x/cmake/checks/cpu_popcnt.cpp
/Users/danialjavady/Downloads/opencv-4.x/cmake/checks/cpu_popcnt.cpp:14:4: error: "__POPCNT__ is not defined by compiler"
#  error "__POPCNT__ is not defined by compiler"
   ^
/Users/danialjavady/Downloads/opencv-4.x/cmake/checks/cpu_popcnt.cpp:22:13: error: use of undeclared identifier 'CV_POPCNT_U32'
    int j = CV_POPCNT_U32(1);
            ^
2 errors generated.
make[1]: *** [CMakeFiles/cmTC_6c332.dir/cpu_popcnt.cpp.o] Error 1
make: *** [cmTC_6c332/fast] Error 2


===== END =====

Compilation failed:
    source file: '/Users/danialjavady/Downloads/opencv-4.x/cmake/checks/cpu_sse42.cpp'
    check option: ''
===== BUILD LOG =====
Change Dir: /Users/danialjavady/desktop/ksm/opentoonz/toonz/sources/CMakeFiles/CMakeTmp

Run Build Command(s):/usr/local/Cellar/cmake/3.26.3/bin/cmake -E env VERBOSE=1 /usr/bin/make -f Makefile cmTC_305d3/fast && /Library/Developer/CommandLineTools/usr/bin/make  -f CMakeFiles/cmTC_305d3.dir/build.make CMakeFiles/cmTC_305d3.dir/build
Building CXX object CMakeFiles/cmTC_305d3.dir/cpu_sse42.cpp.o
/Library/Developer/CommandLineTools/usr/bin/c++   -O3 -DNDEBUG -std=c++11 -isysroot /Library/Developer/CommandLineTools/SDKs/MacOSX13.3.sdk -fPIE -MD -MT CMakeFiles/cmTC_305d3.dir/cpu_sse42.cpp.o -MF CMakeFiles/cmTC_305d3.dir/cpu_sse42.cpp.o.d -o CMakeFiles/cmTC_305d3.dir/cpu_sse42.cpp.o -c /Users/danialjavady/Downloads/opencv-4.x/cmake/checks/cpu_sse42.cpp
/Users/danialjavady/Downloads/opencv-4.x/cmake/checks/cpu_sse42.cpp:5:24: error: always_inline function '_mm_crc32_u8' requires target feature 'crc32', but would be inlined into function 'main' that is compiled without support for 'crc32'
    unsigned int res = _mm_crc32_u8(1, 2);
                       ^
1 error generated.
make[1]: *** [CMakeFiles/cmTC_305d3.dir/cpu_sse42.cpp.o] Error 1
make: *** [cmTC_305d3/fast] Error 2


===== END =====

Compilation failed:
    source file: '/Users/danialjavady/Downloads/opencv-4.x/cmake/checks/cpu_fp16.cpp'
    check option: ''
===== BUILD LOG =====
Change Dir: /Users/danialjavady/desktop/ksm/opentoonz/toonz/sources/CMakeFiles/CMakeTmp

Run Build Command(s):/usr/local/Cellar/cmake/3.26.3/bin/cmake -E env VERBOSE=1 /usr/bin/make -f Makefile cmTC_a132d/fast && /Library/Developer/CommandLineTools/usr/bin/make  -f CMakeFiles/cmTC_a132d.dir/build.make CMakeFiles/cmTC_a132d.dir/build
Building CXX object CMakeFiles/cmTC_a132d.dir/cpu_fp16.cpp.o
/Library/Developer/CommandLineTools/usr/bin/c++   -O3 -DNDEBUG -std=c++11 -isysroot /Library/Developer/CommandLineTools/SDKs/MacOSX13.3.sdk -fPIE -MD -MT CMakeFiles/cmTC_a132d.dir/cpu_fp16.cpp.o -MF CMakeFiles/cmTC_a132d.dir/cpu_fp16.cpp.o.d -o CMakeFiles/cmTC_a132d.dir/cpu_fp16.cpp.o -c /Users/danialjavady/Downloads/opencv-4.x/cmake/checks/cpu_fp16.cpp
/Users/danialjavady/Downloads/opencv-4.x/cmake/checks/cpu_fp16.cpp:26:2: error: "FP16 is not supported"
#error "FP16 is not supported"
 ^
/Users/danialjavady/Downloads/opencv-4.x/cmake/checks/cpu_fp16.cpp:31:18: error: use of undeclared identifier 'test'
  printf("%d\n", test());
                 ^
2 errors generated.
make[1]: *** [CMakeFiles/cmTC_a132d.dir/cpu_fp16.cpp.o] Error 1
make: *** [cmTC_a132d/fast] Error 2


===== END =====

Compilation failed:
    source file: '/Users/danialjavady/Downloads/opencv-4.x/cmake/checks/cpu_avx.cpp'
    check option: ''
===== BUILD LOG =====
Change Dir: /Users/danialjavady/desktop/ksm/opentoonz/toonz/sources/CMakeFiles/CMakeTmp

Run Build Command(s):/usr/local/Cellar/cmake/3.26.3/bin/cmake -E env VERBOSE=1 /usr/bin/make -f Makefile cmTC_e9997/fast && /Library/Developer/CommandLineTools/usr/bin/make  -f CMakeFiles/cmTC_e9997.dir/build.make CMakeFiles/cmTC_e9997.dir/build
Building CXX object CMakeFiles/cmTC_e9997.dir/cpu_avx.cpp.o
/Library/Developer/CommandLineTools/usr/bin/c++   -O3 -DNDEBUG -std=c++11 -isysroot /Library/Developer/CommandLineTools/SDKs/MacOSX13.3.sdk -fPIE -MD -MT CMakeFiles/cmTC_e9997.dir/cpu_avx.cpp.o -MF CMakeFiles/cmTC_e9997.dir/cpu_avx.cpp.o.d -o CMakeFiles/cmTC_e9997.dir/cpu_avx.cpp.o -c /Users/danialjavady/Downloads/opencv-4.x/cmake/checks/cpu_avx.cpp
/Users/danialjavady/Downloads/opencv-4.x/cmake/checks/cpu_avx.cpp:2:2: error: "__AVX__ define is missing"
#error "__AVX__ define is missing"
 ^
1 error generated.
make[1]: *** [CMakeFiles/cmTC_e9997.dir/cpu_avx.cpp.o] Error 1
make: *** [cmTC_e9997/fast] Error 2


===== END =====

Compilation failed:
    source file: '/Users/danialjavady/Downloads/opencv-4.x/cmake/checks/cpu_avx2.cpp'
    check option: ''
===== BUILD LOG =====
Change Dir: /Users/danialjavady/desktop/ksm/opentoonz/toonz/sources/CMakeFiles/CMakeTmp

Run Build Command(s):/usr/local/Cellar/cmake/3.26.3/bin/cmake -E env VERBOSE=1 /usr/bin/make -f Makefile cmTC_42f47/fast && /Library/Developer/CommandLineTools/usr/bin/make  -f CMakeFiles/cmTC_42f47.dir/build.make CMakeFiles/cmTC_42f47.dir/build
Building CXX object CMakeFiles/cmTC_42f47.dir/cpu_avx2.cpp.o
/Library/Developer/CommandLineTools/usr/bin/c++   -O3 -DNDEBUG -std=c++11 -isysroot /Library/Developer/CommandLineTools/SDKs/MacOSX13.3.sdk -fPIE -MD -MT CMakeFiles/cmTC_42f47.dir/cpu_avx2.cpp.o -MF CMakeFiles/cmTC_42f47.dir/cpu_avx2.cpp.o.d -o CMakeFiles/cmTC_42f47.dir/cpu_avx2.cpp.o -c /Users/danialjavady/Downloads/opencv-4.x/cmake/checks/cpu_avx2.cpp
/Users/danialjavady/Downloads/opencv-4.x/cmake/checks/cpu_avx2.cpp:2:2: error: "__AVX2__ define is missing"
#error "__AVX2__ define is missing"
 ^
1 error generated.
make[1]: *** [CMakeFiles/cmTC_42f47.dir/cpu_avx2.cpp.o] Error 1
make: *** [cmTC_42f47/fast] Error 2


===== END =====

Compilation failed:
    source file: '/Users/danialjavady/Downloads/opencv-4.x/cmake/checks/cpu_avx512.cpp'
    check option: ''
===== BUILD LOG =====
Change Dir: /Users/danialjavady/desktop/ksm/opentoonz/toonz/sources/CMakeFiles/CMakeTmp

Run Build Command(s):/usr/local/Cellar/cmake/3.26.3/bin/cmake -E env VERBOSE=1 /usr/bin/make -f Makefile cmTC_ecbd5/fast && /Library/Developer/CommandLineTools/usr/bin/make  -f CMakeFiles/cmTC_ecbd5.dir/build.make CMakeFiles/cmTC_ecbd5.dir/build
Building CXX object CMakeFiles/cmTC_ecbd5.dir/cpu_avx512.cpp.o
/Library/Developer/CommandLineTools/usr/bin/c++   -O3 -DNDEBUG -std=c++11 -isysroot /Library/Developer/CommandLineTools/SDKs/MacOSX13.3.sdk -fPIE -MD -MT CMakeFiles/cmTC_ecbd5.dir/cpu_avx512.cpp.o -MF CMakeFiles/cmTC_ecbd5.dir/cpu_avx512.cpp.o.d -o CMakeFiles/cmTC_ecbd5.dir/cpu_avx512.cpp.o -c /Users/danialjavady/Downloads/opencv-4.x/cmake/checks/cpu_avx512.cpp
/Users/danialjavady/Downloads/opencv-4.x/cmake/checks/cpu_avx512.cpp:11:2: error: "AVX512 is not supported"
#error "AVX512 is not supported"
 ^
1 error generated.
make[1]: *** [CMakeFiles/cmTC_ecbd5.dir/cpu_avx512.cpp.o] Error 1
make: *** [cmTC_ecbd5/fast] Error 2


===== END =====

Compilation failed:
    source file: '/Users/danialjavady/Downloads/opencv-4.x/cmake/checks/cpu_avx512common.cpp'
    check option: ''
===== BUILD LOG =====
Change Dir: /Users/danialjavady/desktop/ksm/opentoonz/toonz/sources/CMakeFiles/CMakeTmp

Run Build Command(s):/usr/local/Cellar/cmake/3.26.3/bin/cmake -E env VERBOSE=1 /usr/bin/make -f Makefile cmTC_fbd84/fast && /Library/Developer/CommandLineTools/usr/bin/make  -f CMakeFiles/cmTC_fbd84.dir/build.make CMakeFiles/cmTC_fbd84.dir/build
Building CXX object CMakeFiles/cmTC_fbd84.dir/cpu_avx512common.cpp.o
/Library/Developer/CommandLineTools/usr/bin/c++   -O3 -DNDEBUG -std=c++11 -isysroot /Library/Developer/CommandLineTools/SDKs/MacOSX13.3.sdk -fPIE -MD -MT CMakeFiles/cmTC_fbd84.dir/cpu_avx512common.cpp.o -MF CMakeFiles/cmTC_fbd84.dir/cpu_avx512common.cpp.o.d -o CMakeFiles/cmTC_fbd84.dir/cpu_avx512common.cpp.o -c /Users/danialjavady/Downloads/opencv-4.x/cmake/checks/cpu_avx512common.cpp
/Users/danialjavady/Downloads/opencv-4.x/cmake/checks/cpu_avx512common.cpp:12:2: error: "AVX512-COMMON is not supported"
#error "AVX512-COMMON is not supported"
 ^
1 error generated.
make[1]: *** [CMakeFiles/cmTC_fbd84.dir/cpu_avx512common.cpp.o] Error 1
make: *** [cmTC_fbd84/fast] Error 2


===== END =====

Compilation failed:
    source file: '/Users/danialjavady/Downloads/opencv-4.x/cmake/checks/cpu_avx512knl.cpp'
    check option: ''
===== BUILD LOG =====
Change Dir: /Users/danialjavady/desktop/ksm/opentoonz/toonz/sources/CMakeFiles/CMakeTmp

Run Build Command(s):/usr/local/Cellar/cmake/3.26.3/bin/cmake -E env VERBOSE=1 /usr/bin/make -f Makefile cmTC_b1b14/fast && /Library/Developer/CommandLineTools/usr/bin/make  -f CMakeFiles/cmTC_b1b14.dir/build.make CMakeFiles/cmTC_b1b14.dir/build
Building CXX object CMakeFiles/cmTC_b1b14.dir/cpu_avx512knl.cpp.o
/Library/Developer/CommandLineTools/usr/bin/c++   -O3 -DNDEBUG -std=c++11 -isysroot /Library/Developer/CommandLineTools/SDKs/MacOSX13.3.sdk -fPIE -MD -MT CMakeFiles/cmTC_b1b14.dir/cpu_avx512knl.cpp.o -MF CMakeFiles/cmTC_b1b14.dir/cpu_avx512knl.cpp.o.d -o CMakeFiles/cmTC_b1b14.dir/cpu_avx512knl.cpp.o -c /Users/danialjavady/Downloads/opencv-4.x/cmake/checks/cpu_avx512knl.cpp
/Users/danialjavady/Downloads/opencv-4.x/cmake/checks/cpu_avx512knl.cpp:14:2: error: "AVX512-KNL is not supported"
#error "AVX512-KNL is not supported"
 ^
1 error generated.
make[1]: *** [CMakeFiles/cmTC_b1b14.dir/cpu_avx512knl.cpp.o] Error 1
make: *** [cmTC_b1b14/fast] Error 2


===== END =====

Compilation failed:
    source file: '/Users/danialjavady/Downloads/opencv-4.x/cmake/checks/cpu_avx512knm.cpp'
    check option: ''
===== BUILD LOG =====
Change Dir: /Users/danialjavady/desktop/ksm/opentoonz/toonz/sources/CMakeFiles/CMakeTmp

Run Build Command(s):/usr/local/Cellar/cmake/3.26.3/bin/cmake -E env VERBOSE=1 /usr/bin/make -f Makefile cmTC_779bf/fast && /Library/Developer/CommandLineTools/usr/bin/make  -f CMakeFiles/cmTC_779bf.dir/build.make CMakeFiles/cmTC_779bf.dir/build
Building CXX object CMakeFiles/cmTC_779bf.dir/cpu_avx512knm.cpp.o
/Library/Developer/CommandLineTools/usr/bin/c++   -O3 -DNDEBUG -std=c++11 -isysroot /Library/Developer/CommandLineTools/SDKs/MacOSX13.3.sdk -fPIE -MD -MT CMakeFiles/cmTC_779bf.dir/cpu_avx512knm.cpp.o -MF CMakeFiles/cmTC_779bf.dir/cpu_avx512knm.cpp.o.d -o CMakeFiles/cmTC_779bf.dir/cpu_avx512knm.cpp.o -c /Users/danialjavady/Downloads/opencv-4.x/cmake/checks/cpu_avx512knm.cpp
/Users/danialjavady/Downloads/opencv-4.x/cmake/checks/cpu_avx512knm.cpp:15:2: error: "AVX512-KNM is not supported"
#error "AVX512-KNM is not supported"
 ^
1 error generated.
make[1]: *** [CMakeFiles/cmTC_779bf.dir/cpu_avx512knm.cpp.o] Error 1
make: *** [cmTC_779bf/fast] Error 2


===== END =====

Compilation failed:
    source file: '/Users/danialjavady/Downloads/opencv-4.x/cmake/checks/cpu_avx512knm.cpp'
    check option: ' -mavx512f -mavx512cd -mavx512er -mavx512pf -mavx5124fmaps -mavx5124vnniw -mavx512vpopcntdq'
===== BUILD LOG =====
Change Dir: /Users/danialjavady/desktop/ksm/opentoonz/toonz/sources/CMakeFiles/CMakeTmp

Run Build Command(s):/usr/local/Cellar/cmake/3.26.3/bin/cmake -E env VERBOSE=1 /usr/bin/make -f Makefile cmTC_b45d3/fast && /Library/Developer/CommandLineTools/usr/bin/make  -f CMakeFiles/cmTC_b45d3.dir/build.make CMakeFiles/cmTC_b45d3.dir/build
Building CXX object CMakeFiles/cmTC_b45d3.dir/cpu_avx512knm.cpp.o
/Library/Developer/CommandLineTools/usr/bin/c++   -O3 -DNDEBUG -std=c++11 -isysroot /Library/Developer/CommandLineTools/SDKs/MacOSX13.3.sdk -fPIE    -mavx512f -mavx512cd -mavx512er -mavx512pf -mavx5124fmaps -mavx5124vnniw -mavx512vpopcntdq -MD -MT CMakeFiles/cmTC_b45d3.dir/cpu_avx512knm.cpp.o -MF CMakeFiles/cmTC_b45d3.dir/cpu_avx512knm.cpp.o.d -o CMakeFiles/cmTC_b45d3.dir/cpu_avx512knm.cpp.o -c /Users/danialjavady/Downloads/opencv-4.x/cmake/checks/cpu_avx512knm.cpp
clang: error: unknown argument: '-mavx5124fmaps'
clang: error: unknown argument: '-mavx5124vnniw'
make[1]: *** [CMakeFiles/cmTC_b45d3.dir/cpu_avx512knm.cpp.o] Error 1
make: *** [cmTC_b45d3/fast] Error 2


===== END =====

Compilation failed:
    source file: '/Users/danialjavady/Downloads/opencv-4.x/cmake/checks/cpu_avx512skx.cpp'
    check option: ''
===== BUILD LOG =====
Change Dir: /Users/danialjavady/desktop/ksm/opentoonz/toonz/sources/CMakeFiles/CMakeTmp

Run Build Command(s):/usr/local/Cellar/cmake/3.26.3/bin/cmake -E env VERBOSE=1 /usr/bin/make -f Makefile cmTC_d8e6e/fast && /Library/Developer/CommandLineTools/usr/bin/make  -f CMakeFiles/cmTC_d8e6e.dir/build.make CMakeFiles/cmTC_d8e6e.dir/build
Building CXX object CMakeFiles/cmTC_d8e6e.dir/cpu_avx512skx.cpp.o
/Library/Developer/CommandLineTools/usr/bin/c++   -O3 -DNDEBUG -std=c++11 -isysroot /Library/Developer/CommandLineTools/SDKs/MacOSX13.3.sdk -fPIE -MD -MT CMakeFiles/cmTC_d8e6e.dir/cpu_avx512skx.cpp.o -MF CMakeFiles/cmTC_d8e6e.dir/cpu_avx512skx.cpp.o.d -o CMakeFiles/cmTC_d8e6e.dir/cpu_avx512skx.cpp.o -c /Users/danialjavady/Downloads/opencv-4.x/cmake/checks/cpu_avx512skx.cpp
/Users/danialjavady/Downloads/opencv-4.x/cmake/checks/cpu_avx512skx.cpp:30:2: error: "AVX512-SKX is not supported"
#error "AVX512-SKX is not supported"
 ^
1 error generated.
make[1]: *** [CMakeFiles/cmTC_d8e6e.dir/cpu_avx512skx.cpp.o] Error 1
make: *** [cmTC_d8e6e/fast] Error 2


===== END =====

Compilation failed:
    source file: '/Users/danialjavady/Downloads/opencv-4.x/cmake/checks/cpu_avx512cnl.cpp'
    check option: ''
===== BUILD LOG =====
Change Dir: /Users/danialjavady/desktop/ksm/opentoonz/toonz/sources/CMakeFiles/CMakeTmp

Run Build Command(s):/usr/local/Cellar/cmake/3.26.3/bin/cmake -E env VERBOSE=1 /usr/bin/make -f Makefile cmTC_f7225/fast && /Library/Developer/CommandLineTools/usr/bin/make  -f CMakeFiles/cmTC_f7225.dir/build.make CMakeFiles/cmTC_f7225.dir/build
Building CXX object CMakeFiles/cmTC_f7225.dir/cpu_avx512cnl.cpp.o
/Library/Developer/CommandLineTools/usr/bin/c++   -O3 -DNDEBUG -std=c++11 -isysroot /Library/Developer/CommandLineTools/SDKs/MacOSX13.3.sdk -fPIE -MD -MT CMakeFiles/cmTC_f7225.dir/cpu_avx512cnl.cpp.o -MF CMakeFiles/cmTC_f7225.dir/cpu_avx512cnl.cpp.o.d -o CMakeFiles/cmTC_f7225.dir/cpu_avx512cnl.cpp.o -c /Users/danialjavady/Downloads/opencv-4.x/cmake/checks/cpu_avx512cnl.cpp
/Users/danialjavady/Downloads/opencv-4.x/cmake/checks/cpu_avx512cnl.cpp:10:2: error: "AVX512-CNL is not supported"
#error "AVX512-CNL is not supported"
 ^
1 error generated.
make[1]: *** [CMakeFiles/cmTC_f7225.dir/cpu_avx512cnl.cpp.o] Error 1
make: *** [cmTC_f7225/fast] Error 2


===== END =====

Compilation failed:
    source file: '/Users/danialjavady/Downloads/opencv-4.x/cmake/checks/cpu_avx512clx.cpp'
    check option: ''
===== BUILD LOG =====
Change Dir: /Users/danialjavady/desktop/ksm/opentoonz/toonz/sources/CMakeFiles/CMakeTmp

Run Build Command(s):/usr/local/Cellar/cmake/3.26.3/bin/cmake -E env VERBOSE=1 /usr/bin/make -f Makefile cmTC_d785c/fast && /Library/Developer/CommandLineTools/usr/bin/make  -f CMakeFiles/cmTC_d785c.dir/build.make CMakeFiles/cmTC_d785c.dir/build
Building CXX object CMakeFiles/cmTC_d785c.dir/cpu_avx512clx.cpp.o
/Library/Developer/CommandLineTools/usr/bin/c++   -O3 -DNDEBUG -std=c++11 -isysroot /Library/Developer/CommandLineTools/SDKs/MacOSX13.3.sdk -fPIE -MD -MT CMakeFiles/cmTC_d785c.dir/cpu_avx512clx.cpp.o -MF CMakeFiles/cmTC_d785c.dir/cpu_avx512clx.cpp.o.d -o CMakeFiles/cmTC_d785c.dir/cpu_avx512clx.cpp.o -c /Users/danialjavady/Downloads/opencv-4.x/cmake/checks/cpu_avx512clx.cpp
/Users/danialjavady/Downloads/opencv-4.x/cmake/checks/cpu_avx512clx.cpp:9:2: error: "AVX512-CLX is not supported"
#error "AVX512-CLX is not supported"
 ^
1 error generated.
make[1]: *** [CMakeFiles/cmTC_d785c.dir/cpu_avx512clx.cpp.o] Error 1
make: *** [cmTC_d785c/fast] Error 2


===== END =====

Compilation failed:
    source file: '/Users/danialjavady/Downloads/opencv-4.x/cmake/checks/cpu_avx512icl.cpp'
    check option: ''
===== BUILD LOG =====
Change Dir: /Users/danialjavady/desktop/ksm/opentoonz/toonz/sources/CMakeFiles/CMakeTmp

Run Build Command(s):/usr/local/Cellar/cmake/3.26.3/bin/cmake -E env VERBOSE=1 /usr/bin/make -f Makefile cmTC_97292/fast && /Library/Developer/CommandLineTools/usr/bin/make  -f CMakeFiles/cmTC_97292.dir/build.make CMakeFiles/cmTC_97292.dir/build
Building CXX object CMakeFiles/cmTC_97292.dir/cpu_avx512icl.cpp.o
/Library/Developer/CommandLineTools/usr/bin/c++   -O3 -DNDEBUG -std=c++11 -isysroot /Library/Developer/CommandLineTools/SDKs/MacOSX13.3.sdk -fPIE -MD -MT CMakeFiles/cmTC_97292.dir/cpu_avx512icl.cpp.o -MF CMakeFiles/cmTC_97292.dir/cpu_avx512icl.cpp.o.d -o CMakeFiles/cmTC_97292.dir/cpu_avx512icl.cpp.o -c /Users/danialjavady/Downloads/opencv-4.x/cmake/checks/cpu_avx512icl.cpp
/Users/danialjavady/Downloads/opencv-4.x/cmake/checks/cpu_avx512icl.cpp:12:2: error: "AVX512-ICL is not supported"
#error "AVX512-ICL is not supported"
 ^
1 error generated.
make[1]: *** [CMakeFiles/cmTC_97292.dir/cpu_avx512icl.cpp.o] Error 1
make: *** [cmTC_97292/fast] Error 2


===== END =====

Compilation failed:
    source file: '/Users/danialjavady/desktop/ksm/opentoonz/toonz/sources/CMakeFiles/CMakeTmp/src.cxx'
    check option: ''
===== BUILD LOG =====
Change Dir: /Users/danialjavady/desktop/ksm/opentoonz/toonz/sources/CMakeFiles/CMakeTmp

Run Build Command(s):/usr/local/Cellar/cmake/3.26.3/bin/cmake -E env VERBOSE=1 /usr/bin/make -f Makefile cmTC_5ec7c/fast && /Library/Developer/CommandLineTools/usr/bin/make  -f CMakeFiles/cmTC_5ec7c.dir/build.make CMakeFiles/cmTC_5ec7c.dir/build
Building CXX object CMakeFiles/cmTC_5ec7c.dir/src.cxx.o
/Library/Developer/CommandLineTools/usr/bin/c++   -O3 -DNDEBUG -std=c++11 -isysroot /Library/Developer/CommandLineTools/SDKs/MacOSX13.3.sdk -fPIE -MD -MT CMakeFiles/cmTC_5ec7c.dir/src.cxx.o -MF CMakeFiles/cmTC_5ec7c.dir/src.cxx.o.d -o CMakeFiles/cmTC_5ec7c.dir/src.cxx.o -c /Users/danialjavady/desktop/ksm/opentoonz/toonz/sources/CMakeFiles/CMakeTmp/src.cxx
Linking CXX executable cmTC_5ec7c
/usr/local/Cellar/cmake/3.26.3/bin/cmake -E cmake_link_script CMakeFiles/cmTC_5ec7c.dir/link.txt --verbose=1
/Library/Developer/CommandLineTools/usr/bin/c++ -O3 -DNDEBUG -isysroot /Library/Developer/CommandLineTools/SDKs/MacOSX13.3.sdk -Wl,-search_paths_first -Wl,-headerpad_max_install_names  -Wl,--as-needed  CMakeFiles/cmTC_5ec7c.dir/src.cxx.o -o cmTC_5ec7c 
ld: unknown option: --as-needed
clang: error: linker command failed with exit code 1 (use -v to see invocation)
make[1]: *** [cmTC_5ec7c] Error 1
make: *** [cmTC_5ec7c/fast] Error 2


===== END =====

Compilation failed:
    source file: '/Users/danialjavady/desktop/ksm/opentoonz/toonz/sources/CMakeFiles/CMakeTmp/src.cxx'
    check option: ''
===== BUILD LOG =====
Change Dir: /Users/danialjavady/desktop/ksm/opentoonz/toonz/sources/CMakeFiles/CMakeTmp

Run Build Command(s):/usr/local/Cellar/cmake/3.26.3/bin/cmake -E env VERBOSE=1 /usr/bin/make -f Makefile cmTC_05fd6/fast && /Library/Developer/CommandLineTools/usr/bin/make  -f CMakeFiles/cmTC_05fd6.dir/build.make CMakeFiles/cmTC_05fd6.dir/build
Building CXX object CMakeFiles/cmTC_05fd6.dir/src.cxx.o
/Library/Developer/CommandLineTools/usr/bin/c++   -O3 -DNDEBUG -std=c++11 -isysroot /Library/Developer/CommandLineTools/SDKs/MacOSX13.3.sdk -fPIE -MD -MT CMakeFiles/cmTC_05fd6.dir/src.cxx.o -MF CMakeFiles/cmTC_05fd6.dir/src.cxx.o.d -o CMakeFiles/cmTC_05fd6.dir/src.cxx.o -c /Users/danialjavady/desktop/ksm/opentoonz/toonz/sources/CMakeFiles/CMakeTmp/src.cxx
Linking CXX executable cmTC_05fd6
/usr/local/Cellar/cmake/3.26.3/bin/cmake -E cmake_link_script CMakeFiles/cmTC_05fd6.dir/link.txt --verbose=1
/Library/Developer/CommandLineTools/usr/bin/c++ -O3 -DNDEBUG -isysroot /Library/Developer/CommandLineTools/SDKs/MacOSX13.3.sdk -Wl,-search_paths_first -Wl,-headerpad_max_install_names  -Wl,--no-undefined  CMakeFiles/cmTC_05fd6.dir/src.cxx.o -o cmTC_05fd6 
ld: unknown option: --no-undefined
clang: error: linker command failed with exit code 1 (use -v to see invocation)
make[1]: *** [cmTC_05fd6] Error 1
make: *** [cmTC_05fd6/fast] Error 2


===== END =====

Build output check failed:
    Regex: 'unknown .*option'
    Output line: 'warning: unknown warning option '-Wno-maybe-uninitialized', did you mean '-Wno-uninitialized'? [-Wunknown-warning-option]'
Compilation failed:
    source file: '/Users/danialjavady/desktop/ksm/opentoonz/toonz/sources/CMakeFiles/CMakeTmp/src.c'
    check option: ' -Wno-maybe-uninitialized'
===== BUILD LOG =====
Change Dir: /Users/danialjavady/desktop/ksm/opentoonz/toonz/sources/CMakeFiles/CMakeTmp

Run Build Command(s):/usr/local/Cellar/cmake/3.26.3/bin/cmake -E env VERBOSE=1 /usr/bin/make -f Makefile cmTC_18862/fast && /Library/Developer/CommandLineTools/usr/bin/make  -f CMakeFiles/cmTC_18862.dir/build.make CMakeFiles/cmTC_18862.dir/build
Building C object CMakeFiles/cmTC_18862.dir/src.c.o
/Library/Developer/CommandLineTools/usr/bin/cc   -fsigned-char -W -Wall -Wreturn-type -Wnon-virtual-dtor -Waddress -Wsequence-point -Wformat -Wformat-security -Wstrict-prototypes -Winit-self -Wpointer-arith -Wsign-promo -Wuninitialized -Wno-delete-non-virtual-dtor -Wno-unnamed-type-template-args -Wno-comment -fdiagnostics-show-option -Wno-long-long -Qunused-arguments -Wno-semicolon-before-method-body -ffunction-sections -fdata-sections  -fvisibility=hidden -fvisibility-inlines-hidden -Wno-unused-but-set-variable -Wno-missing-prototypes -Wno-missing-declarations -Wno-undef -Wno-unused -Wno-sign-compare -Wno-cast-align -Wno-shadow  -O3 -DNDEBUG  -DNDEBUG -isysroot /Library/Developer/CommandLineTools/SDKs/MacOSX13.3.sdk -fPIE    -Wno-maybe-uninitialized -MD -MT CMakeFiles/cmTC_18862.dir/src.c.o -MF CMakeFiles/cmTC_18862.dir/src.c.o.d -o CMakeFiles/cmTC_18862.dir/src.c.o -c /Users/danialjavady/desktop/ksm/opentoonz/toonz/sources/CMakeFiles/CMakeTmp/src.c
warning: unknown warning option '-Wno-maybe-uninitialized'; did you mean '-Wno-uninitialized'? [-Wunknown-warning-option]
/Users/danialjavady/desktop/ksm/opentoonz/toonz/sources/CMakeFiles/CMakeTmp/src.c:1:8: warning: unknown pragma ignored [-Wunknown-pragmas]
#pragma
       ^
2 warnings generated.
Linking C executable cmTC_18862
/usr/local/Cellar/cmake/3.26.3/bin/cmake -E cmake_link_script CMakeFiles/cmTC_18862.dir/link.txt --verbose=1
/Library/Developer/CommandLineTools/usr/bin/cc    -fsigned-char -W -Wall -Wreturn-type -Wnon-virtual-dtor -Waddress -Wsequence-point -Wformat -Wformat-security -Wstrict-prototypes -Winit-self -Wpointer-arith -Wsign-promo -Wuninitialized -Wno-delete-non-virtual-dtor -Wno-unnamed-type-template-args -Wno-comment -fdiagnostics-show-option -Wno-long-long -Qunused-arguments -Wno-semicolon-before-method-body -ffunction-sections -fdata-sections  -fvisibility=hidden -fvisibility-inlines-hidden -Wno-unused-but-set-variable -Wno-missing-prototypes -Wno-missing-declarations -Wno-undef -Wno-unused -Wno-sign-compare -Wno-cast-align -Wno-shadow  -O3 -DNDEBUG  -DNDEBUG -isysroot /Library/Developer/CommandLineTools/SDKs/MacOSX13.3.sdk -Wl,-search_paths_first -Wl,-headerpad_max_install_names   -Wl,-dead_strip  CMakeFiles/cmTC_18862.dir/src.c.o -o cmTC_18862 


===== END =====

Build output check failed:
    Regex: 'unknown .*option'
    Output line: 'warning: unknown warning option '-Wno-array-parameter', did you mean '-Wno-unused-parameter'? [-Wunknown-warning-option]'
Compilation failed:
    source file: '/Users/danialjavady/desktop/ksm/opentoonz/toonz/sources/CMakeFiles/CMakeTmp/src.c'
    check option: ' -Wno-array-parameter'
===== BUILD LOG =====
Change Dir: /Users/danialjavady/desktop/ksm/opentoonz/toonz/sources/CMakeFiles/CMakeTmp

Run Build Command(s):/usr/local/Cellar/cmake/3.26.3/bin/cmake -E env VERBOSE=1 /usr/bin/make -f Makefile cmTC_d928c/fast && /Library/Developer/CommandLineTools/usr/bin/make  -f CMakeFiles/cmTC_d928c.dir/build.make CMakeFiles/cmTC_d928c.dir/build
Building C object CMakeFiles/cmTC_d928c.dir/src.c.o
/Library/Developer/CommandLineTools/usr/bin/cc   -fsigned-char -W -Wall -Wreturn-type -Wnon-virtual-dtor -Waddress -Wsequence-point -Wformat -Wformat-security -Wstrict-prototypes -Winit-self -Wpointer-arith -Wsign-promo -Wuninitialized -Wno-delete-non-virtual-dtor -Wno-unnamed-type-template-args -Wno-comment -fdiagnostics-show-option -Wno-long-long -Qunused-arguments -Wno-semicolon-before-method-body -ffunction-sections -fdata-sections  -fvisibility=hidden -fvisibility-inlines-hidden -Wno-unused-but-set-variable -Wno-missing-prototypes -Wno-missing-declarations -Wno-undef -Wno-unused -Wno-sign-compare -Wno-cast-align -Wno-shadow -Wno-pointer-to-int-cast -Wno-int-to-pointer-cast -Wno-misleading-indentation -Wno-implicit-fallthrough -Wno-unused-parameter  -O3 -DNDEBUG  -DNDEBUG -isysroot /Library/Developer/CommandLineTools/SDKs/MacOSX13.3.sdk -fPIE    -Wno-array-parameter -MD -MT CMakeFiles/cmTC_d928c.dir/src.c.o -MF CMakeFiles/cmTC_d928c.dir/src.c.o.d -o CMakeFiles/cmTC_d928c.dir/src.c.o -c /Users/danialjavady/desktop/ksm/opentoonz/toonz/sources/CMakeFiles/CMakeTmp/src.c
warning: unknown warning option '-Wno-array-parameter'; did you mean '-Wno-unused-parameter'? [-Wunknown-warning-option]
/Users/danialjavady/desktop/ksm/opentoonz/toonz/sources/CMakeFiles/CMakeTmp/src.c:1:8: warning: unknown pragma ignored [-Wunknown-pragmas]
#pragma
       ^
2 warnings generated.
Linking C executable cmTC_d928c
/usr/local/Cellar/cmake/3.26.3/bin/cmake -E cmake_link_script CMakeFiles/cmTC_d928c.dir/link.txt --verbose=1
/Library/Developer/CommandLineTools/usr/bin/cc    -fsigned-char -W -Wall -Wreturn-type -Wnon-virtual-dtor -Waddress -Wsequence-point -Wformat -Wformat-security -Wstrict-prototypes -Winit-self -Wpointer-arith -Wsign-promo -Wuninitialized -Wno-delete-non-virtual-dtor -Wno-unnamed-type-template-args -Wno-comment -fdiagnostics-show-option -Wno-long-long -Qunused-arguments -Wno-semicolon-before-method-body -ffunction-sections -fdata-sections  -fvisibility=hidden -fvisibility-inlines-hidden -Wno-unused-but-set-variable -Wno-missing-prototypes -Wno-missing-declarations -Wno-undef -Wno-unused -Wno-sign-compare -Wno-cast-align -Wno-shadow -Wno-pointer-to-int-cast -Wno-int-to-pointer-cast -Wno-misleading-indentation -Wno-implicit-fallthrough -Wno-unused-parameter  -O3 -DNDEBUG  -DNDEBUG -isysroot /Library/Developer/CommandLineTools/SDKs/MacOSX13.3.sdk -Wl,-search_paths_first -Wl,-headerpad_max_install_names   -Wl,-dead_strip  CMakeFiles/cmTC_d928c.dir/src.c.o -o cmTC_d928c 


===== END =====

